<?xml version="1.0" encoding="UTF-8"?>
<!-- Generated by org.testng.reporters.JUnitReportReporter -->
<testsuite skipped="0" hostname="sainath-PC" name="selenium.APIS.base.TestBase" tests="1" failures="0" timestamp="16 Sep 2020 05:27:18 GMT" time="9.816" errors="0">
  <testcase name="initialization" time="9.816" classname="selenium.APIS.base.TestBase"/>
</testsuite> <!-- selenium.APIS.base.TestBase -->
