<?xml version="1.0" encoding="UTF-8"?>
<!-- Generated by org.testng.reporters.JUnitReportReporter -->
<testsuite skipped="0" hostname="sainath-PC" name="selenium.APIS.FlightBookingHomePageTest" tests="3" failures="0" timestamp="17 Sep 2020 05:34:01 GMT" time="1.982" errors="0">
  <testcase name="verifyHomePageTitle" time="0.054" classname="selenium.APIS.FlightBookingHomePageTest"/>
  <testcase name="selectDepartureandDestinationcity" time="0.587" classname="selenium.APIS.FlightBookingHomePageTest"/>
  <testcase name="click" time="1.341" classname="selenium.APIS.FlightBookingHomePageTest"/>
</testsuite> <!-- selenium.APIS.FlightBookingHomePageTest -->
