<?xml version="1.0" encoding="UTF-8"?>
<!-- Generated by org.testng.reporters.JUnitReportReporter -->
<testsuite skipped="0" hostname="sainath-PC" name="restapi.RestApi" tests="5" failures="0" timestamp="17 Sep 2020 05:34:01 GMT" time="8.380" errors="0">
  <testcase name="apiIdValidation" time="3.630" classname="restapi.RestApi"/>
  <testcase name="verifyLaunchPad" time="0.901" classname="restapi.RestApi"/>
  <testcase name="verifypayLoads" time="1.088" classname="restapi.RestApi"/>
  <testcase name="statusCodeValidation" time="1.406" classname="restapi.RestApi"/>
  <testcase name="verifyCores" time="1.355" classname="restapi.RestApi"/>
</testsuite> <!-- restapi.RestApi -->
